Participant 1:
  Best Probability: 0.95
  Best Parameter: 0.1
  Log-Likelihood on the training set: -0.49116659319725464
  Log-Likelihood on the test set: -0.6874145464341607
  Regression Summary (Model Data):
                 Generalized Linear Model Regression Results                  
==============================================================================
Dep. Variable:                      y   No. Observations:                  100
Model:                            GLM   Df Residuals:                       98
Model Family:                Binomial   Df Model:                            1
Link Function:                  Logit   Scale:                          1.0000
Method:                          IRLS   Log-Likelihood:                -28.092
Date:                Tue, 21 Jan 2025   Deviance:                       3.2873
Time:                        11:28:22   Pearson chi2:                     4.37
No. Iterations:                     5   Pseudo R-squ. (CS):             0.2569
Covariance Type:            nonrobust                                         
==============================================================================
                 coef    std err          z      P>|z|      [0.025      0.975]
------------------------------------------------------------------------------
const          2.8157      0.513      5.486      0.000       1.810       3.822
x1            -1.2125      0.259     -4.687      0.000      -1.720      -0.705
==============================================================================
  Regression Summary (Experimental Data):
                 Generalized Linear Model Regression Results                  
==============================================================================
Dep. Variable:                      y   No. Observations:                  100
Model:                            GLM   Df Residuals:                       98
Model Family:                Binomial   Df Model:                            1
Link Function:                  Logit   Scale:                          1.0000
Method:                          IRLS   Log-Likelihood:                -52.249
Date:                Tue, 21 Jan 2025   Deviance:                       104.50
Time:                        11:28:22   Pearson chi2:                     102.
No. Iterations:                     4   Pseudo R-squ. (CS):             0.1757
Covariance Type:            nonrobust                                         
==============================================================================
                 coef    std err          z      P>|z|      [0.025      0.975]
------------------------------------------------------------------------------
const          1.7994      0.363      4.953      0.000       1.087       2.511
x1            -0.8596      0.210     -4.091      0.000      -1.271      -0.448
==============================================================================
Finished with Participant {exp_key}.
Participant 10:
  Best Probability: 0.95
  Best Parameter: 0.1
  Log-Likelihood on the training set: -0.5050060081362568
  Log-Likelihood on the test set: -0.6496186486978794
  Regression Summary (Model Data):
                 Generalized Linear Model Regression Results                  
==============================================================================
Dep. Variable:                      y   No. Observations:                  100
Model:                            GLM   Df Residuals:                       98
Model Family:                Binomial   Df Model:                            1
Link Function:                  Logit   Scale:                          1.0000
Method:                          IRLS   Log-Likelihood:                -26.808
Date:                Tue, 21 Jan 2025   Deviance:                       3.7734
Time:                        11:28:36   Pearson chi2:                     4.33
No. Iterations:                     5   Pseudo R-squ. (CS):             0.3233
Covariance Type:            nonrobust                                         
==============================================================================
                 coef    std err          z      P>|z|      [0.025      0.975]
------------------------------------------------------------------------------
const          2.9385      0.532      5.526      0.000       1.896       3.981
x1            -1.4399      0.283     -5.084      0.000      -1.995      -0.885
==============================================================================
  Regression Summary (Experimental Data):
                 Generalized Linear Model Regression Results                  
==============================================================================
Dep. Variable:                      y   No. Observations:                  100
Model:                            GLM   Df Residuals:                       98
Model Family:                Binomial   Df Model:                            1
Link Function:                  Logit   Scale:                          1.0000
Method:                          IRLS   Log-Likelihood:                -48.992
Date:                Tue, 21 Jan 2025   Deviance:                       97.984
Time:                        11:28:36   Pearson chi2:                     103.
No. Iterations:                     4   Pseudo R-squ. (CS):             0.1703
Covariance Type:            nonrobust                                         
==============================================================================
                 coef    std err          z      P>|z|      [0.025      0.975]
------------------------------------------------------------------------------
const          2.0489      0.393      5.218      0.000       1.279       2.818
x1            -0.8841      0.220     -4.022      0.000      -1.315      -0.453
==============================================================================
Finished with Participant {exp_key}.
Participant 1:
  Best Probability: 0.91
  Best Parameter: 4.0
  Log-Likelihood on the training set: -0.5151849631944694
  Log-Likelihood on the test set: -0.3792909746623195
  Regression Summary (Model Data):
                 Generalized Linear Model Regression Results                  
==============================================================================
Dep. Variable:                      y   No. Observations:                  100
Model:                            GLM   Df Residuals:                       98
Model Family:                Binomial   Df Model:                            1
Link Function:                  Logit   Scale:                          1.0000
Method:                          IRLS   Log-Likelihood:                -38.096
Date:                Tue, 21 Jan 2025   Deviance:                       1.8465
Time:                        12:03:34   Pearson chi2:                     1.95
No. Iterations:                     4   Pseudo R-squ. (CS):             0.1087
Covariance Type:            nonrobust                                         
==============================================================================
                 coef    std err          z      P>|z|      [0.025      0.975]
------------------------------------------------------------------------------
const          1.5241      0.335      4.545      0.000       0.867       2.181
x1            -0.6447      0.197     -3.275      0.001      -1.031      -0.259
==============================================================================
  Regression Summary (Experimental Data):
                 Generalized Linear Model Regression Results                  
==============================================================================
Dep. Variable:                      y   No. Observations:                  100
Model:                            GLM   Df Residuals:                       98
Model Family:                Binomial   Df Model:                            1
Link Function:                  Logit   Scale:                          1.0000
Method:                          IRLS   Log-Likelihood:                -52.249
Date:                Tue, 21 Jan 2025   Deviance:                       104.50
Time:                        12:03:34   Pearson chi2:                     102.
No. Iterations:                     4   Pseudo R-squ. (CS):             0.1757
Covariance Type:            nonrobust                                         
==============================================================================
                 coef    std err          z      P>|z|      [0.025      0.975]
------------------------------------------------------------------------------
const          1.7994      0.363      4.953      0.000       1.087       2.511
x1            -0.8596      0.210     -4.091      0.000      -1.271      -0.448
==============================================================================
Finished with Participant {exp_key}.
Percent processed: 3.45%
Participant 10:
  Best Probability: 0.92
  Best Parameter: 4.0
  Log-Likelihood on the training set: -0.5379652498248613
  Log-Likelihood on the test set: -0.34659211590560235
  Regression Summary (Model Data):
                 Generalized Linear Model Regression Results                  
==============================================================================
Dep. Variable:                      y   No. Observations:                  100
Model:                            GLM   Df Residuals:                       98
Model Family:                Binomial   Df Model:                            1
Link Function:                  Logit   Scale:                          1.0000
Method:                          IRLS   Log-Likelihood:                -36.602
Date:                Tue, 21 Jan 2025   Deviance:                       1.7479
Time:                        12:39:17   Pearson chi2:                     1.90
No. Iterations:                     4   Pseudo R-squ. (CS):             0.1123
Covariance Type:            nonrobust                                         
==============================================================================
                 coef    std err          z      P>|z|      [0.025      0.975]
------------------------------------------------------------------------------
const          1.6953      0.352      4.819      0.000       1.006       2.385
x1            -0.6801      0.204     -3.326      0.001      -1.081      -0.279
==============================================================================
  Regression Summary (Experimental Data):
                 Generalized Linear Model Regression Results                  
==============================================================================
Dep. Variable:                      y   No. Observations:                  100
Model:                            GLM   Df Residuals:                       98
Model Family:                Binomial   Df Model:                            1
Link Function:                  Logit   Scale:                          1.0000
Method:                          IRLS   Log-Likelihood:                -48.992
Date:                Tue, 21 Jan 2025   Deviance:                       97.984
Time:                        12:39:17   Pearson chi2:                     103.
No. Iterations:                     4   Pseudo R-squ. (CS):             0.1703
Covariance Type:            nonrobust                                         
==============================================================================
                 coef    std err          z      P>|z|      [0.025      0.975]
------------------------------------------------------------------------------
const          2.0489      0.393      5.218      0.000       1.279       2.818
x1            -0.8841      0.220     -4.022      0.000      -1.315      -0.453
==============================================================================
Finished with Participant {exp_key}.
Percent processed: 6.90%
Participant 11:
  Best Probability: 0.88
  Best Parameter: 20.0
  Log-Likelihood on the training set: -0.6560764870731328
  Log-Likelihood on the test set: -0.6452522762524242
  Regression Summary (Model Data):
                 Generalized Linear Model Regression Results                  
==============================================================================
Dep. Variable:                      y   No. Observations:                  100
Model:                            GLM   Df Residuals:                       98
Model Family:                Binomial   Df Model:                            1
Link Function:                  Logit   Scale:                          1.0000
Method:                          IRLS   Log-Likelihood:                -44.152
Date:                Tue, 21 Jan 2025   Deviance:                      0.81381
Time:                        13:07:04   Pearson chi2:                    0.816
No. Iterations:                     3   Pseudo R-squ. (CS):            0.02211
Covariance Type:            nonrobust                                         
==============================================================================
                 coef    std err          z      P>|z|      [0.025      0.975]
------------------------------------------------------------------------------
const          0.5653      0.275      2.058      0.040       0.027       1.104
x1            -0.2606      0.175     -1.487      0.137      -0.604       0.083
==============================================================================
  Regression Summary (Experimental Data):
                 Generalized Linear Model Regression Results                  
==============================================================================
Dep. Variable:                      y   No. Observations:                  100
Model:                            GLM   Df Residuals:                       98
Model Family:                Binomial   Df Model:                            1
Link Function:                  Logit   Scale:                          1.0000
Method:                          IRLS   Log-Likelihood:                -66.546
Date:                Tue, 21 Jan 2025   Deviance:                       133.09
Time:                        13:07:04   Pearson chi2:                     100.
No. Iterations:                     4   Pseudo R-squ. (CS):           0.006560
Covariance Type:            nonrobust                                         
==============================================================================
                 coef    std err          z      P>|z|      [0.025      0.975]
------------------------------------------------------------------------------
const          0.5941      0.276      2.153      0.031       0.053       1.135
x1            -0.1425      0.176     -0.812      0.417      -0.487       0.202
==============================================================================
Finished with Participant {exp_key}.
Percent processed: 10.34%
Participant 12:
  Best Probability: 0.95
  Best Parameter: 4.0
  Log-Likelihood on the training set: -0.46664756488312503
  Log-Likelihood on the test set: -0.4494887282928718
  Regression Summary (Model Data):
                 Generalized Linear Model Regression Results                  
==============================================================================
Dep. Variable:                      y   No. Observations:                  100
Model:                            GLM   Df Residuals:                       98
Model Family:                Binomial   Df Model:                            1
Link Function:                  Logit   Scale:                          1.0000
Method:                          IRLS   Log-Likelihood:                -31.232
Date:                Tue, 21 Jan 2025   Deviance:                       1.8645
Time:                        13:49:13   Pearson chi2:                     2.02
No. Iterations:                     5   Pseudo R-squ. (CS):             0.1243
Covariance Type:            nonrobust                                         
==============================================================================
                 coef    std err          z      P>|z|      [0.025      0.975]
------------------------------------------------------------------------------
const          2.3096      0.434      5.316      0.000       1.458       3.161
x1            -0.7973      0.231     -3.456      0.001      -1.250      -0.345
==============================================================================
  Regression Summary (Experimental Data):
                 Generalized Linear Model Regression Results                  
==============================================================================
Dep. Variable:                      y   No. Observations:                  100
Model:                            GLM   Df Residuals:                       98
Model Family:                Binomial   Df Model:                            1
Link Function:                  Logit   Scale:                          1.0000
Method:                          IRLS   Log-Likelihood:                -49.345
Date:                Tue, 21 Jan 2025   Deviance:                       98.689
Time:                        13:49:13   Pearson chi2:                     95.2
No. Iterations:                     4   Pseudo R-squ. (CS):             0.1472
Covariance Type:            nonrobust                                         
==============================================================================
                 coef    std err          z      P>|z|      [0.025      0.975]
------------------------------------------------------------------------------
const          2.0292      0.393      5.167      0.000       1.260       2.799
x1            -0.8256      0.220     -3.758      0.000      -1.256      -0.395
==============================================================================
Finished with Participant {exp_key}.
Percent processed: 13.79%
Participant 13:
  Best Probability: 0.8
  Best Parameter: 50.0
  Log-Likelihood on the training set: -0.6703773776848119
  Log-Likelihood on the test set: -0.716735618430702
  Regression Summary (Model Data):
                 Generalized Linear Model Regression Results                  
==============================================================================
Dep. Variable:                      y   No. Observations:                  100
Model:                            GLM   Df Residuals:                       98
Model Family:                Binomial   Df Model:                            1
Link Function:                  Logit   Scale:                          1.0000
Method:                          IRLS   Log-Likelihood:                -43.693
Date:                Tue, 21 Jan 2025   Deviance:                      0.12150
Time:                        14:15:32   Pearson chi2:                    0.121
No. Iterations:                     3   Pseudo R-squ. (CS):           0.002281
Covariance Type:            nonrobust                                         
==============================================================================
                 coef    std err          z      P>|z|      [0.025      0.975]
------------------------------------------------------------------------------
const         -0.3830      0.271     -1.413      0.158      -0.914       0.148
x1            -0.0847      0.178     -0.476      0.634      -0.433       0.264
==============================================================================
  Regression Summary (Experimental Data):
                 Generalized Linear Model Regression Results                  
==============================================================================
Dep. Variable:                      y   No. Observations:                  100
Model:                            GLM   Df Residuals:                       98
Model Family:                Binomial   Df Model:                            1
Link Function:                  Logit   Scale:                          1.0000
Method:                          IRLS   Log-Likelihood:                -66.011
Date:                Tue, 21 Jan 2025   Deviance:                       132.02
Time:                        14:15:32   Pearson chi2:                     99.9
No. Iterations:                     4   Pseudo R-squ. (CS):            0.02548
Covariance Type:            nonrobust                                         
==============================================================================
                 coef    std err          z      P>|z|      [0.025      0.975]
------------------------------------------------------------------------------
const         -0.7012      0.281     -2.498      0.012      -1.251      -0.151
x1             0.2810      0.176      1.598      0.110      -0.064       0.626
==============================================================================
Finished with Participant {exp_key}.
Percent processed: 17.24%
Participant 14:
  Best Probability: 0.88
  Best Parameter: 8.0
  Log-Likelihood on the training set: -0.6200504582027002
  Log-Likelihood on the test set: -0.7617105879436408
  Regression Summary (Model Data):
                 Generalized Linear Model Regression Results                  
==============================================================================
Dep. Variable:                      y   No. Observations:                  100
Model:                            GLM   Df Residuals:                       98
Model Family:                Binomial   Df Model:                            1
Link Function:                  Logit   Scale:                          1.0000
Method:                          IRLS   Log-Likelihood:                -42.792
Date:                Tue, 21 Jan 2025   Deviance:                       1.8228
Time:                        14:27:52   Pearson chi2:                     1.85
No. Iterations:                     4   Pseudo R-squ. (CS):            0.05963
Covariance Type:            nonrobust                                         
==============================================================================
                 coef    std err          z      P>|z|      [0.025      0.975]
------------------------------------------------------------------------------
const          0.8719      0.290      3.008      0.003       0.304       1.440
x1            -0.4413      0.181     -2.433      0.015      -0.797      -0.086
==============================================================================
  Regression Summary (Experimental Data):
                 Generalized Linear Model Regression Results                  
==============================================================================
Dep. Variable:                      y   No. Observations:                  100
Model:                            GLM   Df Residuals:                       98
Model Family:                Binomial   Df Model:                            1
Link Function:                  Logit   Scale:                          1.0000
Method:                          IRLS   Log-Likelihood:                -66.082
Date:                Tue, 21 Jan 2025   Deviance:                       132.16
Time:                        14:27:52   Pearson chi2:                     100.
No. Iterations:                     4   Pseudo R-squ. (CS):            0.04398
Covariance Type:            nonrobust                                         
==============================================================================
                 coef    std err          z      P>|z|      [0.025      0.975]
------------------------------------------------------------------------------
const          0.6722      0.280      2.397      0.017       0.123       1.222
x1            -0.3735      0.179     -2.090      0.037      -0.724      -0.023
==============================================================================
Finished with Participant {exp_key}.
Percent processed: 20.69%
Participant 15:
  Best Probability: 0.92
  Best Parameter: 20.0
  Log-Likelihood on the training set: -0.6002306937976475
  Log-Likelihood on the test set: -0.6222925022538387
  Regression Summary (Model Data):
                 Generalized Linear Model Regression Results                  
==============================================================================
Dep. Variable:                      y   No. Observations:                  100
Model:                            GLM   Df Residuals:                       98
Model Family:                Binomial   Df Model:                            1
Link Function:                  Logit   Scale:                          1.0000
Method:                          IRLS   Log-Likelihood:                -40.891
Date:                Tue, 21 Jan 2025   Deviance:                      0.95239
Time:                        14:39:53   Pearson chi2:                    0.962
No. Iterations:                     4   Pseudo R-squ. (CS):            0.02833
Covariance Type:            nonrobust                                         
==============================================================================
                 coef    std err          z      P>|z|      [0.025      0.975]
------------------------------------------------------------------------------
const          1.0932      0.303      3.608      0.000       0.499       1.687
x1            -0.3022      0.179     -1.691      0.091      -0.652       0.048
==============================================================================
  Regression Summary (Experimental Data):
                 Generalized Linear Model Regression Results                  
==============================================================================
Dep. Variable:                      y   No. Observations:                  100
Model:                            GLM   Df Residuals:                       98
Model Family:                Binomial   Df Model:                            1
Link Function:                  Logit   Scale:                          1.0000
Method:                          IRLS   Log-Likelihood:                -59.123
Date:                Tue, 21 Jan 2025   Deviance:                       118.25
Time:                        14:39:53   Pearson chi2:                     100.
No. Iterations:                     4   Pseudo R-squ. (CS):           0.003443
Covariance Type:            nonrobust                                         
==============================================================================
                 coef    std err          z      P>|z|      [0.025      0.975]
------------------------------------------------------------------------------
const          0.8326      0.290      2.871      0.004       0.264       1.401
x1             0.1114      0.191      0.583      0.560      -0.263       0.486
==============================================================================
Finished with Participant {exp_key}.
Percent processed: 24.14%
Participant 16:
  Best Probability: 0.95
  Best Parameter: 0.8
  Log-Likelihood on the training set: -0.4133845866752406
  Log-Likelihood on the test set: -0.662586751785383
  Regression Summary (Model Data):
                 Generalized Linear Model Regression Results                  
==============================================================================
Dep. Variable:                      y   No. Observations:                  100
Model:                            GLM   Df Residuals:                       98
Model Family:                Binomial   Df Model:                            1
Link Function:                  Logit   Scale:                          1.0000
Method:                          IRLS   Log-Likelihood:                -28.059
Date:                Tue, 21 Jan 2025   Deviance:                       2.0640
Time:                        14:52:00   Pearson chi2:                     2.48
No. Iterations:                     5   Pseudo R-squ. (CS):             0.2353
Covariance Type:            nonrobust                                         
==============================================================================
                 coef    std err          z      P>|z|      [0.025      0.975]
------------------------------------------------------------------------------
const          2.7769      0.507      5.474      0.000       1.783       3.771
x1            -1.1220      0.247     -4.542      0.000      -1.606      -0.638
==============================================================================
  Regression Summary (Experimental Data):
                 Generalized Linear Model Regression Results                  
==============================================================================
Dep. Variable:                      y   No. Observations:                  100
Model:                            GLM   Df Residuals:                       98
Model Family:                Binomial   Df Model:                            1
Link Function:                  Logit   Scale:                          1.0000
Method:                          IRLS   Log-Likelihood:                -48.037
Date:                Tue, 21 Jan 2025   Deviance:                       96.074
Time:                        14:52:00   Pearson chi2:                     102.
No. Iterations:                     4   Pseudo R-squ. (CS):             0.1860
Covariance Type:            nonrobust                                         
==============================================================================
                 coef    std err          z      P>|z|      [0.025      0.975]
------------------------------------------------------------------------------
const          2.1258      0.404      5.267      0.000       1.335       2.917
x1            -0.9004      0.215     -4.193      0.000      -1.321      -0.479
==============================================================================
Finished with Participant {exp_key}.
Percent processed: 27.59%
Participant 17:
  Best Probability: 0.84
  Best Parameter: 0.2
  Log-Likelihood on the training set: -0.5125034690072062
  Log-Likelihood on the test set: -0.48774047980295687
  Regression Summary (Model Data):
                 Generalized Linear Model Regression Results                  
==============================================================================
Dep. Variable:                      y   No. Observations:                  100
Model:                            GLM   Df Residuals:                       98
Model Family:                Binomial   Df Model:                            1
Link Function:                  Logit   Scale:                          1.0000
Method:                          IRLS   Log-Likelihood:                -35.121
Date:                Tue, 21 Jan 2025   Deviance:                       5.5905
Time:                        15:05:44   Pearson chi2:                     6.01
No. Iterations:                     5   Pseudo R-squ. (CS):             0.3083
Covariance Type:            nonrobust                                         
==============================================================================
                 coef    std err          z      P>|z|      [0.025      0.975]
------------------------------------------------------------------------------
const          1.5449      0.338      4.571      0.000       0.882       2.207
x1            -1.2387      0.245     -5.050      0.000      -1.719      -0.758
==============================================================================
  Regression Summary (Experimental Data):
                 Generalized Linear Model Regression Results                  
==============================================================================
Dep. Variable:                      y   No. Observations:                  100
Model:                            GLM   Df Residuals:                       98
Model Family:                Binomial   Df Model:                            1
Link Function:                  Logit   Scale:                          1.0000
Method:                          IRLS   Log-Likelihood:                -49.616
Date:                Tue, 21 Jan 2025   Deviance:                       99.231
Time:                        15:05:44   Pearson chi2:                     106.
No. Iterations:                     4   Pseudo R-squ. (CS):             0.3158
Covariance Type:            nonrobust                                         
==============================================================================
                 coef    std err          z      P>|z|      [0.025      0.975]
------------------------------------------------------------------------------
const          1.4909      0.334      4.467      0.000       0.837       2.145
x1            -1.2732      0.252     -5.058      0.000      -1.767      -0.780
==============================================================================
Finished with Participant {exp_key}.
Percent processed: 31.03%
Participant 18:
  Best Probability: 0.91
  Best Parameter: 50.0
  Log-Likelihood on the training set: -0.6660702770119784
  Log-Likelihood on the test set: -0.6708423670536923
  Regression Summary (Model Data):
                 Generalized Linear Model Regression Results                  
==============================================================================
Dep. Variable:                      y   No. Observations:                  100
Model:                            GLM   Df Residuals:                       98
Model Family:                Binomial   Df Model:                            1
Link Function:                  Logit   Scale:                          1.0000
Method:                          IRLS   Log-Likelihood:                -43.190
Date:                Tue, 21 Jan 2025   Deviance:                      0.36103
Time:                        15:20:21   Pearson chi2:                    0.362
No. Iterations:                     3   Pseudo R-squ. (CS):           0.007354
Covariance Type:            nonrobust                                         
==============================================================================
                 coef    std err          z      P>|z|      [0.025      0.975]
------------------------------------------------------------------------------
const          0.6898      0.279      2.470      0.014       0.142       1.237
x1            -0.1545      0.180     -0.860      0.390      -0.507       0.198
==============================================================================
  Regression Summary (Experimental Data):
                 Generalized Linear Model Regression Results                  
==============================================================================
Dep. Variable:                      y   No. Observations:                  100
Model:                            GLM   Df Residuals:                       98
Model Family:                Binomial   Df Model:                            1
Link Function:                  Logit   Scale:                          1.0000
Method:                          IRLS   Log-Likelihood:                -66.295
Date:                Tue, 21 Jan 2025   Deviance:                       132.59
Time:                        15:20:21   Pearson chi2:                     100.
No. Iterations:                     4   Pseudo R-squ. (CS):           0.002235
Covariance Type:            nonrobust                                         
==============================================================================
                 coef    std err          z      P>|z|      [0.025      0.975]
------------------------------------------------------------------------------
const          0.4059      0.270      1.501      0.133      -0.124       0.936
x1             0.0857      0.182      0.471      0.637      -0.271       0.442
==============================================================================
Finished with Participant {exp_key}.
Percent processed: 34.48%
Participant 19:
  Best Probability: 0.88
  Best Parameter: 50.0
  Log-Likelihood on the training set: -0.6914566468368659
  Log-Likelihood on the test set: -0.6630180765809107
  Regression Summary (Model Data):
                 Generalized Linear Model Regression Results                  
==============================================================================
Dep. Variable:                      y   No. Observations:                  100
Model:                            GLM   Df Residuals:                       98
Model Family:                Binomial   Df Model:                            1
Link Function:                  Logit   Scale:                          1.0000
Method:                          IRLS   Log-Likelihood:                -44.820
Date:                Tue, 21 Jan 2025   Deviance:                      0.32423
Time:                        15:35:13   Pearson chi2:                    0.324
No. Iterations:                     3   Pseudo R-squ. (CS):           0.006183
Covariance Type:            nonrobust                                         
==============================================================================
                 coef    std err          z      P>|z|      [0.025      0.975]
------------------------------------------------------------------------------
const          0.3297      0.267      1.235      0.217      -0.194       0.853
x1            -0.1387      0.176     -0.786      0.432      -0.485       0.207
==============================================================================
  Regression Summary (Experimental Data):
                 Generalized Linear Model Regression Results                  
==============================================================================
Dep. Variable:                      y   No. Observations:                  100
Model:                            GLM   Df Residuals:                       98
Model Family:                Binomial   Df Model:                            1
Link Function:                  Logit   Scale:                          1.0000
Method:                          IRLS   Log-Likelihood:                -68.222
Date:                Tue, 21 Jan 2025   Deviance:                       136.44
Time:                        15:35:13   Pearson chi2:                     100.
No. Iterations:                     4   Pseudo R-squ. (CS):           0.007392
Covariance Type:            nonrobust                                         
==============================================================================
                 coef    std err          z      P>|z|      [0.025      0.975]
------------------------------------------------------------------------------
const          0.3917      0.268      1.460      0.144      -0.134       0.918
x1            -0.1521      0.177     -0.860      0.390      -0.498       0.194
==============================================================================
Finished with Participant {exp_key}.
Percent processed: 37.93%
